<?xml version="1.0" encoding="UTF-8"?>
<testsuite name="AppTest" tests="3" skipped="0" failures="0" errors="0" timestamp="2018-11-13T22:57:13" hostname="3fdf1d7cd264" time="0.003">
  <properties/>
  <testcase name="appHasGoodbye" classname="AppTest" time="0.002"/>
  <testcase name="testAddition" classname="AppTest" time="0.0"/>
  <testcase name="testAppHasAGreeting" classname="AppTest" time="0.0"/>
  <system-out><![CDATA[]]></system-out>
  <system-err><![CDATA[]]></system-err>
</testsuite>

